INFO:     Will watch for changes in these directories: ['D:\\API_Fast']
INFO:     Uvicorn running on http://127.0.0.1:8000 (Press CTRL+C to quit)
INFO:     Started reloader process [24404] using WatchFiles
INFO:     Started server process [25148]
INFO:     Waiting for application startup.
INFO:     Application startup complete.
WARNING:  WatchFiles detected changes in 'app\services\user_service.py'. Reloading...
INFO:     Shutting down
INFO:     Waiting for application shutdown.
INFO:     Application shutdown complete.
INFO:     Finished server process [25148]
INFO:     Started server process [6952]
INFO:     Waiting for application startup.
INFO:     Application startup complete.
WARNING:  WatchFiles detected changes in 'app\services\user_service.py'. Reloading...
INFO:     Shutting down
INFO:     Waiting for application shutdown.
INFO:     Application shutdown complete.
INFO:     Finished server process [6952]
WARNING:  WatchFiles detected changes in 'app\models\user.py', 'app\schemas\user.py', 'app\main.py', 'app\routes\product.py', 'migrations\versions\20260427_0007_add_user_is_active.py', 'app\dependencies.py', 'app\services\user_service.py'. Reloading...
INFO:     Started server process [22432]
INFO:     Waiting for application startup.
INFO:     Application startup complete.
INFO:     Shutting down
INFO:     Waiting for application shutdown.
INFO:     Application shutdown complete.
INFO:     Finished server process [22432]
INFO:     Started server process [25096]
INFO:     Waiting for application startup.
INFO:     Application startup complete.
WARNING:  WatchFiles detected changes in 'app\middleware\auth.py'. Reloading...
INFO:     Shutting down
INFO:     Waiting for application shutdown.
INFO:     Application shutdown complete.
INFO:     Finished server process [25096]
WARNING:  WatchFiles detected changes in 'env\Lib\site-packages\ecdsa\ecdsa.py', 'env\Lib\site-packages\cryptography\hazmat\primitives\asymmetric\dsa.py', 'env\Lib\site-packages\cryptography\hazmat\backends\__init__.py', 'env\Lib\site-packages\ecdsa\test_numbertheory.py', 'env\Lib\site-packages\jwt\algorithms.py', 'env\Lib\site-packages\cryptography\x509\certificate_transparency.py', 'env\Lib\site-packages\passlib\tests\test_utils.py', 'env\Lib\site-packages\rsa\pkcs1_v2.py', 'env\Lib\site-packages\cryptography\hazmat\primitives\asymmetric\padding.py', 'env\Lib\site-packages\jose\jwk.py', 'env\Lib\site-packages\jwt\__init__.py', 'env\Lib\site-packages\cryptography\x509\base.py', 'env\Lib\site-packages\cryptography\hazmat\primitives\asymmetric\ec.py', 'env\Lib\site-packages\passlib\handlers\roundup.py', 'env\Lib\site-packages\passlib\tests\test_apache.py', 'env\Lib\site-packages\rsa\core.py', 'app\dependencies.py', 'env\Lib\site-packages\pyasn1\codec\native\encoder.py', 'env\Lib\site-packages\jose\jwt.py', 'env\Lib\site-packages\pycparser\ast_transforms.py', 'env\Lib\site-packages\jwt\utils.py', 'env\Lib\site-packages\passlib\utils\__init__.py', 'env\Lib\site-packages\passlib\pwd.py', 'env\Lib\site-packages\passlib\crypto\_blowfish\__init__.py', 'env\Lib\site-packages\pyasn1\__init__.py', 'env\Lib\site-packages\pyasn1\type\namedval.py', 'env\Lib\site-packages\cryptography\hazmat\backends\openssl\backend.py', 'env\Lib\site-packages\jwt\api_jwk.py', 'env\Lib\site-packages\pyasn1\codec\der\encoder.py', 'app\routes\auth.py', 'env\Lib\site-packages\pyasn1\type\namedtype.py', 'env\Lib\site-packages\ecdsa\der.py', 'env\Lib\site-packages\cryptography\hazmat\primitives\serialization\__init__.py', 'env\Lib\site-packages\passlib\totp.py', 'env\Lib\site-packages\cryptography\hazmat\primitives\serialization\pkcs7.py', 'env\Lib\site-packages\cryptography\hazmat\backends\openssl\__init__.py', 'env\Lib\site-packages\cryptography\hazmat\primitives\asymmetric\ed448.py', 'env\Lib\site-packages\cryptography\hazmat\primitives\asymmetric\dh.py', 'env\Lib\site-packages\passlib\ifc.py', 'env\Lib\site-packages\ecdsa\eddsa.py', 'env\Lib\site-packages\rsa\prime.py', 'env\Lib\site-packages\passlib\handlers\des_crypt.py', 'env\Lib\site-packages\cryptography\hazmat\primitives\asymmetric\rsa.py', 'env\Lib\site-packages\cffi\pkgconfig.py', 'env\Lib\site-packages\ecdsa\errors.py', 'env\Lib\site-packages\cryptography\hazmat\primitives\kdf\__init__.py', 'env\Lib\site-packages\passlib\tests\test_registry.py', 'app\core\security.py', 'env\Lib\site-packages\cryptography\hazmat\primitives\twofactor\__init__.py', 'env\Lib\site-packages\passlib\utils\binary.py', 'env\Lib\site-packages\jwt\api_jwt.py', 'env\Lib\site-packages\jose\backends\cryptography_backend.py', 'env\Lib\site-packages\jwt\api_jws.py', 'env\Lib\site-packages\passlib\ext\django\__init__.py', 'env\Lib\site-packages\cryptography\x509\extensions.py', 'env\Lib\site-packages\cryptography\hazmat\primitives\hmac.py', 'env\Lib\site-packages\cryptography\hazmat\asn1\__init__.py', 'env\Lib\site-packages\ecdsa\_compat.py', 'env\Lib\site-packages\ecdsa\test_rw_lock.py', 'env\Lib\site-packages\passlib\handlers\sun_md5_crypt.py', 'env\Lib\site-packages\passlib\crypto\_blowfish\_gen_files.py', 'env\Lib\site-packages\passlib\tests\test_handlers_cisco.py', 'env\Lib\site-packages\rsa\transform.py', 'env\Lib\site-packages\cryptography\x509\verification.py', 'env\Lib\site-packages\cffi\__init__.py', 'env\Lib\site-packages\ecdsa\keys.py', 'env\Lib\site-packages\pyasn1\codec\ber\encoder.py', 'env\Lib\site-packages\passlib\ext\django\utils.py', 'env\Lib\site-packages\passlib\tests\test_apps.py', 'env\Lib\site-packages\passlib\crypto\_blowfish\unrolled.py', 'env\Lib\site-packages\pycparser\c_parser.py', 'env\Lib\site-packages\cffi\backend_ctypes.py', 'env\Lib\site-packages\jose\backends\__init__.py', 'env\Lib\site-packages\passlib\tests\test_handlers_scrypt.py', 'env\Lib\site-packages\jose\backends\native.py', 'env\Lib\site-packages\ecdsa\_version.py', 'env\Lib\site-packages\cryptography\x509\oid.py', 'env\Lib\site-packages\cffi\recompiler.py', 'env\Lib\site-packages\cryptography\hazmat\bindings\openssl\_conditional.py', 'env\Lib\site-packages\passlib\tests\test_handlers.py', 'env\Lib\site-packages\cryptography\hazmat\primitives\kdf\x963kdf.py', 'env\Lib\site-packages\cryptography\hazmat\primitives\kdf\scrypt.py', 'env\Lib\site-packages\cryptography\hazmat\primitives\asymmetric\types.py', 'env\Lib\site-packages\rsa\__init__.py', 'env\Lib\site-packages\pyasn1\type\opentype.py', 'env\Lib\site-packages\rsa\util.py', 'env\Lib\site-packages\cryptography\hazmat\primitives\kdf\hkdf.py', 'env\Lib\site-packages\passlib\tests\_test_bad_register.py', 'env\Lib\site-packages\passlib\utils\compat\_ordered_dict.py', 'env\Lib\site-packages\pycparser\c_lexer.py', 'env\Lib\site-packages\passlib\exc.py', 'env\Lib\site-packages\ecdsa\rfc6979.py', 'env\Lib\site-packages\passlib\tests\test_utils_pbkdf2.py', 'env\Lib\site-packages\cryptography\hazmat\primitives\asymmetric\ed25519.py', 'env\Lib\site-packages\pyasn1\type\__init__.py', 'env\Lib\site-packages\cryptography\hazmat\_oid.py', 'env\Lib\site-packages\pyasn1\codec\__init__.py', 'env\Lib\site-packages\passlib\crypto\_blowfish\base.py', 'env\Lib\site-packages\passlib\tests\test_context.py', 'env\Lib\site-packages\cryptography\x509\general_name.py', 'env\Lib\site-packages\passlib\hosts.py', 'env\Lib\site-packages\passlib\hash.py', 'env\Lib\site-packages\cryptography\hazmat\bindings\openssl\__init__.py', 'app\middleware\auth.py', 'env\Lib\site-packages\passlib\handlers\fshp.py', 'env\Lib\site-packages\ecdsa\test_keys.py', 'env\Lib\site-packages\cryptography\hazmat\primitives\__init__.py', 'env\Lib\site-packages\passlib\tests\test_crypto_digest.py', 'env\Lib\site-packages\ecdsa\test_jacobi.py', 'env\Lib\site-packages\ecdsa\test_pyecdsa.py', 'env\Lib\site-packages\cffi\model.py', 'env\Lib\site-packages\bcrypt\__init__.py', 'env\Lib\site-packages\cryptography\hazmat\asn1\asn1.py', 'env\Lib\site-packages\passlib\handlers\pbkdf2.py', 'env\Lib\site-packages\passlib\utils\des.py', 'env\Lib\site-packages\pyasn1\codec\ber\eoo.py', 'env\Lib\site-packages\cryptography\hazmat\primitives\_asymmetric.py', 'env\Lib\site-packages\jwt\types.py', 'env\Lib\site-packages\jose\exceptions.py', 'env\Lib\site-packages\passlib\handlers\mysql.py', 'env\Lib\site-packages\pycparser\c_generator.py', 'env\Lib\site-packages\cryptography\hazmat\primitives\kdf\argon2.py', 'env\Lib\site-packages\jose\backends\_asn1.py', 'env\Lib\site-packages\pyasn1\codec\der\__init__.py', 'env\Lib\site-packages\passlib\crypto\scrypt\_salsa.py', 'env\Lib\site-packages\passlib\handlers\cisco.py', 'env\Lib\site-packages\rsa\asn1.py', 'env\Lib\site-packages\cffi\vengine_cpy.py', 'env\Lib\site-packages\ecdsa\__init__.py', 'env\Lib\site-packages\cryptography\hazmat\primitives\_cipheralgorithm.py', 'env\Lib\site-packages\cryptography\hazmat\primitives\twofactor\totp.py', 'env\Lib\site-packages\cffi\ffiplatform.py', 'env\Lib\site-packages\passlib\handlers\sha2_crypt.py', 'env\Lib\site-packages\passlib\tests\tox_support.py', 'env\Lib\site-packages\passlib\ext\django\models.py', 'env\Lib\site-packages\pyasn1\codec\cer\encoder.py', 'env\Lib\site-packages\cryptography\hazmat\decrepit\ciphers\modes.py', 'env\Lib\site-packages\passlib\crypto\scrypt\__init__.py', 'env\Lib\site-packages\rsa\randnum.py', 'env\Lib\site-packages\rsa\parallel.py', 'env\Lib\site-packages\six.py', 'env\Lib\site-packages\pycparser\__init__.py', 'env\Lib\site-packages\rsa\key.py', 'env\Lib\site-packages\pyasn1\compat\__init__.py', 'env\Lib\site-packages\jose\backends\rsa_backend.py', 'env\Lib\site-packages\passlib\tests\test_pwd.py', 'env\Lib\site-packages\passlib\crypto\__init__.py', 'env\Lib\site-packages\cryptography\x509\ocsp.py', 'env\Lib\site-packages\cryptography\hazmat\primitives\padding.py', 'env\Lib\site-packages\jwt\warnings.py', 'env\Lib\site-packages\passlib\tests\__init__.py', 'env\Lib\site-packages\cryptography\hazmat\decrepit\ciphers\__init__.py', 'env\Lib\site-packages\jose\jwe.py', 'env\Lib\site-packages\pyasn1\type\tagmap.py', 'env\Lib\site-packages\pyasn1\type\useful.py', 'env\Lib\site-packages\passlib\tests\utils.py', 'env\Lib\site-packages\passlib\tests\test_handlers_pbkdf2.py', 'env\Lib\site-packages\rsa\common.py', 'env\Lib\site-packages\cffi\commontypes.py', 'app\middleware\authMiddleware.py', 'env\Lib\site-packages\ecdsa\test_ecdh.py', 'env\Lib\site-packages\passlib\utils\md4.py', 'env\Lib\site-packages\pyasn1\type\base.py', 'env\Lib\site-packages\ecdsa\ellipticcurve.py', 'env\Lib\site-packages\ecdsa\_rwlock.py', 'env\Lib\site-packages\pyasn1\type\tag.py', 'env\Lib\site-packages\passlib\tests\test_crypto_des.py', 'env\Lib\site-packages\passlib\tests\test_utils_md4.py', 'env\Lib\site-packages\cryptography\hazmat\primitives\hpke.py', 'env\Lib\site-packages\cffi\lock.py', 'env\Lib\site-packages\cryptography\hazmat\primitives\kdf\concatkdf.py', 'env\Lib\site-packages\cryptography\exceptions.py', 'env\Lib\site-packages\passlib\crypto\scrypt\_gen_files.py', 'env\Lib\site-packages\ecdsa\ecdh.py', 'env\Lib\site-packages\passlib\handlers\md5_crypt.py', 'env\Lib\site-packages\jose\__init__.py', 'env\Lib\site-packages\cryptography\hazmat\primitives\poly1305.py', 'env\Lib\site-packages\passlib\utils\handlers.py', 'env\Lib\site-packages\passlib\context.py', 'env\Lib\site-packages\passlib\handlers\django.py', 'env\Lib\site-packages\ecdsa\_sha3.py', 'env\Lib\site-packages\jose\utils.py', 'env\Lib\site-packages\passlib\handlers\bcrypt.py', 'env\Lib\site-packages\pyasn1\compat\integer.py', 'env\Lib\site-packages\pyasn1\type\constraint.py', 'env\Lib\site-packages\cryptography\hazmat\primitives\hashes.py', 'env\Lib\site-packages\passlib\handlers\postgres.py', 'env\Lib\site-packages\passlib\handlers\mssql.py', 'env\Lib\site-packages\cryptography\hazmat\bindings\__init__.py', 'env\Lib\site-packages\passlib\registry.py', 'env\Lib\site-packages\rsa\pem.py', 'env\Lib\site-packages\cryptography\hazmat\primitives\_serialization.py', 'env\Lib\site-packages\pyasn1\type\univ.py', 'env\Lib\site-packages\pycparser\c_ast.py', 'env\Lib\site-packages\passlib\tests\test_crypto_scrypt.py', 'env\Lib\site-packages\passlib\handlers\digests.py', 'env\Lib\site-packages\pyasn1\codec\native\decoder.py', 'env\Lib\site-packages\cffi\verifier.py', 'env\Lib\site-packages\passlib\tests\test_ext_django_source.py', 'env\Lib\site-packages\passlib\tests\test_context_deprecated.py', 'env\Lib\site-packages\passlib\handlers\argon2.py', 'env\Lib\site-packages\passlib\tests\test_ext_django.py', 'env\Lib\site-packages\passlib\tests\backports.py', 'env\Lib\site-packages\ecdsa\numbertheory.py', 'env\Lib\site-packages\passlib\tests\test_handlers_bcrypt.py', 'env\Lib\site-packages\cryptography\hazmat\primitives\serialization\base.py', 'env\Lib\site-packages\cryptography\hazmat\primitives\serialization\ssh.py', 'env\Lib\site-packages\ecdsa\test_sha3.py', 'env\Lib\site-packages\cffi\cparser.py', 'env\Lib\site-packages\cryptography\hazmat\primitives\serialization\pkcs12.py', 'env\Lib\site-packages\jose\jws.py', 'env\Lib\site-packages\passlib\tests\test_handlers_django.py', 'env\Lib\site-packages\cryptography\hazmat\primitives\ciphers\modes.py', 'env\Lib\site-packages\pyasn1\codec\der\decoder.py', 'env\Lib\site-packages\passlib\handlers\misc.py', 'env\Lib\site-packages\cryptography\hazmat\primitives\ciphers\algorithms.py', 'env\Lib\site-packages\passlib\win32.py', 'env\Lib\site-packages\ecdsa\test_der.py', 'env\Lib\site-packages\passlib\handlers\ldap_digests.py', 'env\Lib\site-packages\jose\backends\ecdsa_backend.py', 'env\Lib\site-packages\ecdsa\ssh.py', 'env\Lib\site-packages\cryptography\hazmat\primitives\_modes.py', 'env\Lib\site-packages\cryptography\hazmat\__init__.py', 'env\Lib\site-packages\ecdsa\test_eddsa.py', 'env\Lib\site-packages\cryptography\x509\name.py', 'env\Lib\site-packages\cryptography\hazmat\bindings\openssl\binding.py', 'env\Lib\site-packages\cryptography\hazmat\primitives\asymmetric\x448.py', 'env\Lib\site-packages\cryptography\hazmat\primitives\ciphers\__init__.py', 'env\Lib\site-packages\passlib\handlers\__init__.py', 'env\Lib\site-packages\cffi\setuptools_ext.py', 'env\Lib\site-packages\cffi\_shimmed_dist_utils.py', 'env\Lib\site-packages\ecdsa\test_malformed_sigs.py', 'env\Lib\site-packages\cryptography\hazmat\primitives\cmac.py', 'env\Lib\site-packages\pyasn1\codec\native\__init__.py', 'env\Lib\site-packages\passlib\utils\pbkdf2.py', 'env\Lib\site-packages\jwt\help.py', 'env\Lib\site-packages\cryptography\hazmat\primitives\asymmetric\mlkem.py', 'env\Lib\site-packages\cffi\api.py', 'env\Lib\site-packages\jwt\jwks_client.py', 'env\Lib\site-packages\pyasn1\error.py', 'app\main.py', 'env\Lib\site-packages\pyasn1\codec\cer\decoder.py', 'env\Lib\site-packages\jose\constants.py', 'env\Lib\site-packages\passlib\ext\__init__.py', 'env\Lib\site-packages\cryptography\__init__.py', 'env\Lib\site-packages\jose\backends\base.py', 'env\Lib\site-packages\cffi\cffi_opcode.py', 'env\Lib\site-packages\ecdsa\test_ellipticcurve.py', 'env\Lib\site-packages\passlib\utils\decor.py', 'env\Lib\site-packages\passlib\apache.py', 'env\Lib\site-packages\passlib\__init__.py', 'env\Lib\site-packages\pyasn1\codec\ber\decoder.py', 'env\Lib\site-packages\cryptography\x509\__init__.py', 'env\Lib\site-packages\ecdsa\test_ecdsa.py', 'env\Lib\site-packages\cryptography\utils.py', 'env\Lib\site-packages\jwt\jwk_set_cache.py', 'env\Lib\site-packages\ecdsa\util.py', 'env\Lib\site-packages\passlib\tests\test_hosts.py', 'env\Lib\site-packages\passlib\handlers\scrypt.py', 'env\Lib\site-packages\passlib\tests\test_crypto_builtin_md4.py', 'env\Lib\site-packages\cryptography\__about__.py', 'app\middleware\login.py', 'env\Lib\site-packages\pyasn1\type\char.py', 'env\Lib\site-packages\cffi\vengine_gen.py', 'env\Lib\site-packages\cryptography\hazmat\primitives\kdf\pbkdf2.py', 'env\Lib\site-packages\cryptography\hazmat\decrepit\ciphers\algorithms.py', 'env\Lib\site-packages\pyasn1\codec\cer\__init__.py', 'env\Lib\site-packages\passlib\crypto\digest.py', 'env\Lib\site-packages\pyasn1\codec\streaming.py', 'env\Lib\site-packages\passlib\crypto\des.py', 'env\Lib\site-packages\pyasn1\debug.py', 'env\Lib\site-packages\cryptography\hazmat\primitives\constant_time.py', 'env\Lib\site-packages\passlib\apps.py', 'env\Lib\site-packages\cryptography\fernet.py', 'env\Lib\site-packages\jwt\exceptions.py', 'env\Lib\site-packages\cffi\_imp_emulation.py', 'env\Lib\site-packages\passlib\handlers\phpass.py', 'env\Lib\site-packages\cffi\error.py', 'env\Lib\site-packages\passlib\crypto\_md4.py', 'env\Lib\site-packages\pyasn1\codec\ber\__init__.py', 'env\Lib\site-packages\cryptography\hazmat\primitives\asymmetric\mldsa.py', 'env\Lib\site-packages\passlib\tests\test_totp.py', 'env\Lib\site-packages\cryptography\hazmat\primitives\asymmetric\__init__.py', 'env\Lib\site-packages\passlib\handlers\oracle.py', 'env\Lib\site-packages\passlib\tests\test_utils_handlers.py', 'env\Lib\site-packages\passlib\handlers\scram.py', 'env\Lib\site-packages\cryptography\hazmat\primitives\asymmetric\utils.py', 'env\Lib\site-packages\rsa\cli.py', 'env\Lib\site-packages\cryptography\hazmat\decrepit\__init__.py', 'app\schemas\auth.py', 'env\Lib\site-packages\ecdsa\curves.py', 'env\Lib\site-packages\passlib\tests\test_handlers_argon2.py', 'env\Lib\site-packages\passlib\handlers\sha1_crypt.py', 'env\Lib\site-packages\passlib\utils\compat\__init__.py', 'env\Lib\site-packages\cryptography\hazmat\primitives\asymmetric\x25519.py', 'env\Lib\site-packages\cryptography\hazmat\primitives\ciphers\aead.py', 'env\Lib\site-packages\cryptography\hazmat\primitives\keywrap.py', 'env\Lib\site-packages\ecdsa\test_curves.py', 'env\Lib\site-packages\rsa\pkcs1.py', 'env\Lib\site-packages\pycparser\_ast_gen.py', 'env\Lib\site-packages\cryptography\hazmat\primitives\ciphers\base.py', 'env\Lib\site-packages\cryptography\hazmat\primitives\kdf\kbkdf.py', 'env\Lib\site-packages\passlib\tests\__main__.py', 'env\Lib\site-packages\cryptography\hazmat\primitives\twofactor\hotp.py', 'env\Lib\site-packages\pyasn1\type\error.py', 'env\Lib\site-packages\passlib\handlers\windows.py', 'env\Lib\site-packages\passlib\crypto\scrypt\_builtin.py', 'env\Lib\site-packages\passlib\tests\test_win32.py'. Reloading...
INFO:     Started server process [11672]
INFO:     Waiting for application startup.
INFO:     Application startup complete.
INFO:     Shutting down
INFO:     Waiting for application shutdown.
INFO:     Application shutdown complete.
INFO:     Finished server process [11672]
INFO:     Started server process [13920]
INFO:     Waiting for application startup.
INFO:     Application startup complete.
ERROR:    Exception in ASGI application
Traceback (most recent call last):
  File "D:\API_Fast\env\Lib\site-packages\uvicorn\protocols\http\httptools_impl.py", line 421, in run_asgi
    result = await app(  # type: ignore[func-returns-value]
             ^^^^^^^^^^^^^^^^^^^^^^^^^^^^^^^^^^^^^^^^^^^^^^
  File "D:\API_Fast\env\Lib\site-packages\uvicorn\middleware\proxy_headers.py", line 56, in __call__
    return await self.app(scope, receive, send)
           ^^^^^^^^^^^^^^^^^^^^^^^^^^^^^^^^^^^^
  File "D:\API_Fast\env\Lib\site-packages\fastapi\applications.py", line 1159, in __call__
    await super().__call__(scope, receive, send)
  File "D:\API_Fast\env\Lib\site-packages\starlette\applications.py", line 90, in __call__
    await self.middleware_stack(scope, receive, send)
  File "D:\API_Fast\env\Lib\site-packages\starlette\middleware\errors.py", line 186, in __call__
    raise exc
  File "D:\API_Fast\env\Lib\site-packages\starlette\middleware\errors.py", line 164, in __call__
    await self.app(scope, receive, _send)
  File "D:\API_Fast\env\Lib\site-packages\starlette\middleware\exceptions.py", line 63, in __call__
    await wrap_app_handling_exceptions(self.app, conn)(scope, receive, send)
  File "D:\API_Fast\env\Lib\site-packages\starlette\_exception_handler.py", line 53, in wrapped_app
    raise exc
  File "D:\API_Fast\env\Lib\site-packages\starlette\_exception_handler.py", line 42, in wrapped_app
    await app(scope, receive, sender)
  File "D:\API_Fast\env\Lib\site-packages\fastapi\middleware\asyncexitstack.py", line 18, in __call__
    await self.app(scope, receive, send)
  File "D:\API_Fast\env\Lib\site-packages\starlette\routing.py", line 660, in __call__
    await self.middleware_stack(scope, receive, send)
  File "D:\API_Fast\env\Lib\site-packages\starlette\routing.py", line 680, in app
    await route.handle(scope, receive, send)
  File "D:\API_Fast\env\Lib\site-packages\starlette\routing.py", line 276, in handle
    await self.app(scope, receive, send)
  File "D:\API_Fast\env\Lib\site-packages\fastapi\routing.py", line 134, in app
    await wrap_app_handling_exceptions(app, request)(scope, receive, send)
  File "D:\API_Fast\env\Lib\site-packages\starlette\_exception_handler.py", line 53, in wrapped_app
    raise exc
  File "D:\API_Fast\env\Lib\site-packages\starlette\_exception_handler.py", line 42, in wrapped_app
    await app(scope, receive, sender)
  File "D:\API_Fast\env\Lib\site-packages\fastapi\routing.py", line 120, in app
    response = await f(request)
               ^^^^^^^^^^^^^^^^
  File "D:\API_Fast\env\Lib\site-packages\fastapi\routing.py", line 674, in app
    raw_response = await run_endpoint_function(
                   ^^^^^^^^^^^^^^^^^^^^^^^^^^^^
  File "D:\API_Fast\env\Lib\site-packages\fastapi\routing.py", line 330, in run_endpoint_function
    return await run_in_threadpool(dependant.call, **values)
           ^^^^^^^^^^^^^^^^^^^^^^^^^^^^^^^^^^^^^^^^^^^^^^^^^
  File "D:\API_Fast\env\Lib\site-packages\starlette\concurrency.py", line 32, in run_in_threadpool
    return await anyio.to_thread.run_sync(func)
           ^^^^^^^^^^^^^^^^^^^^^^^^^^^^^^^^^^^^
  File "D:\API_Fast\env\Lib\site-packages\anyio\to_thread.py", line 63, in run_sync
    return await get_async_backend().run_sync_in_worker_thread(
           ^^^^^^^^^^^^^^^^^^^^^^^^^^^^^^^^^^^^^^^^^^^^^^^^^^^^
  File "D:\API_Fast\env\Lib\site-packages\anyio\_backends\_asyncio.py", line 2518, in run_sync_in_worker_thread
    return await future
           ^^^^^^^^^^^^
  File "D:\API_Fast\env\Lib\site-packages\anyio\_backends\_asyncio.py", line 1002, in run
    result = context.run(func, *args)
             ^^^^^^^^^^^^^^^^^^^^^^^^
  File "D:\API_Fast\app\routes\auth.py", line 57, in login
    if not user or not verify_password(data.password, user.password):
                       ^^^^^^^^^^^^^^^^^^^^^^^^^^^^^^^^^^^^^^^^^^^^^
  File "D:\API_Fast\app\core\security.py", line 17, in verify_password
    return pwd_context.verify(plain_password, hashed_password)
           ^^^^^^^^^^^^^^^^^^^^^^^^^^^^^^^^^^^^^^^^^^^^^^^^^^^
  File "D:\API_Fast\env\Lib\site-packages\passlib\context.py", line 2343, in verify
    record = self._get_or_identify_record(hash, scheme, category)
             ^^^^^^^^^^^^^^^^^^^^^^^^^^^^^^^^^^^^^^^^^^^^^^^^^^^^
  File "D:\API_Fast\env\Lib\site-packages\passlib\context.py", line 2031, in _get_or_identify_record
    return self._identify_record(hash, category)
           ^^^^^^^^^^^^^^^^^^^^^^^^^^^^^^^^^^^^^
  File "D:\API_Fast\env\Lib\site-packages\passlib\context.py", line 1132, in identify_record
    raise exc.UnknownHashError("hash could not be identified")
passlib.exc.UnknownHashError: hash could not be identified
(trapped) error reading bcrypt version
Traceback (most recent call last):
  File "D:\API_Fast\env\Lib\site-packages\passlib\handlers\bcrypt.py", line 620, in _load_backend_mixin
    version = _bcrypt.__about__.__version__
              ^^^^^^^^^^^^^^^^^
AttributeError: module 'bcrypt' has no attribute '__about__'
ERROR:    Exception in ASGI application
Traceback (most recent call last):
  File "D:\API_Fast\env\Lib\site-packages\uvicorn\protocols\http\httptools_impl.py", line 421, in run_asgi
    result = await app(  # type: ignore[func-returns-value]
             ^^^^^^^^^^^^^^^^^^^^^^^^^^^^^^^^^^^^^^^^^^^^^^
  File "D:\API_Fast\env\Lib\site-packages\uvicorn\middleware\proxy_headers.py", line 56, in __call__
    return await self.app(scope, receive, send)
           ^^^^^^^^^^^^^^^^^^^^^^^^^^^^^^^^^^^^
  File "D:\API_Fast\env\Lib\site-packages\fastapi\applications.py", line 1159, in __call__
    await super().__call__(scope, receive, send)
  File "D:\API_Fast\env\Lib\site-packages\starlette\applications.py", line 90, in __call__
    await self.middleware_stack(scope, receive, send)
  File "D:\API_Fast\env\Lib\site-packages\starlette\middleware\errors.py", line 186, in __call__
    raise exc
  File "D:\API_Fast\env\Lib\site-packages\starlette\middleware\errors.py", line 164, in __call__
    await self.app(scope, receive, _send)
  File "D:\API_Fast\env\Lib\site-packages\starlette\middleware\exceptions.py", line 63, in __call__
    await wrap_app_handling_exceptions(self.app, conn)(scope, receive, send)
  File "D:\API_Fast\env\Lib\site-packages\starlette\_exception_handler.py", line 53, in wrapped_app
    raise exc
  File "D:\API_Fast\env\Lib\site-packages\starlette\_exception_handler.py", line 42, in wrapped_app
    await app(scope, receive, sender)
  File "D:\API_Fast\env\Lib\site-packages\fastapi\middleware\asyncexitstack.py", line 18, in __call__
    await self.app(scope, receive, send)
  File "D:\API_Fast\env\Lib\site-packages\starlette\routing.py", line 660, in __call__
    await self.middleware_stack(scope, receive, send)
  File "D:\API_Fast\env\Lib\site-packages\starlette\routing.py", line 680, in app
    await route.handle(scope, receive, send)
  File "D:\API_Fast\env\Lib\site-packages\starlette\routing.py", line 276, in handle
    await self.app(scope, receive, send)
  File "D:\API_Fast\env\Lib\site-packages\fastapi\routing.py", line 134, in app
    await wrap_app_handling_exceptions(app, request)(scope, receive, send)
  File "D:\API_Fast\env\Lib\site-packages\starlette\_exception_handler.py", line 53, in wrapped_app
    raise exc
  File "D:\API_Fast\env\Lib\site-packages\starlette\_exception_handler.py", line 42, in wrapped_app
    await app(scope, receive, sender)
  File "D:\API_Fast\env\Lib\site-packages\fastapi\routing.py", line 120, in app
    response = await f(request)
               ^^^^^^^^^^^^^^^^
  File "D:\API_Fast\env\Lib\site-packages\fastapi\routing.py", line 674, in app
    raw_response = await run_endpoint_function(
                   ^^^^^^^^^^^^^^^^^^^^^^^^^^^^
  File "D:\API_Fast\env\Lib\site-packages\fastapi\routing.py", line 330, in run_endpoint_function
    return await run_in_threadpool(dependant.call, **values)
           ^^^^^^^^^^^^^^^^^^^^^^^^^^^^^^^^^^^^^^^^^^^^^^^^^
  File "D:\API_Fast\env\Lib\site-packages\starlette\concurrency.py", line 32, in run_in_threadpool
    return await anyio.to_thread.run_sync(func)
           ^^^^^^^^^^^^^^^^^^^^^^^^^^^^^^^^^^^^
  File "D:\API_Fast\env\Lib\site-packages\anyio\to_thread.py", line 63, in run_sync
    return await get_async_backend().run_sync_in_worker_thread(
           ^^^^^^^^^^^^^^^^^^^^^^^^^^^^^^^^^^^^^^^^^^^^^^^^^^^^
  File "D:\API_Fast\env\Lib\site-packages\anyio\_backends\_asyncio.py", line 2518, in run_sync_in_worker_thread
    return await future
           ^^^^^^^^^^^^
  File "D:\API_Fast\env\Lib\site-packages\anyio\_backends\_asyncio.py", line 1002, in run
    result = context.run(func, *args)
             ^^^^^^^^^^^^^^^^^^^^^^^^
  File "D:\API_Fast\app\routes\auth.py", line 33, in register
    password=hash_password(data.password)
             ^^^^^^^^^^^^^^^^^^^^^^^^^^^^
  File "D:\API_Fast\app\core\security.py", line 13, in hash_password
    return pwd_context.hash(password)
           ^^^^^^^^^^^^^^^^^^^^^^^^^^
  File "D:\API_Fast\env\Lib\site-packages\passlib\context.py", line 2258, in hash
    return record.hash(secret, **kwds)
           ^^^^^^^^^^^^^^^^^^^^^^^^^^^
  File "D:\API_Fast\env\Lib\site-packages\passlib\utils\handlers.py", line 779, in hash
    self.checksum = self._calc_checksum(secret)
                    ^^^^^^^^^^^^^^^^^^^^^^^^^^^
  File "D:\API_Fast\env\Lib\site-packages\passlib\handlers\bcrypt.py", line 591, in _calc_checksum
    self._stub_requires_backend()
  File "D:\API_Fast\env\Lib\site-packages\passlib\utils\handlers.py", line 2254, in _stub_requires_backend
    cls.set_backend()
  File "D:\API_Fast\env\Lib\site-packages\passlib\utils\handlers.py", line 2156, in set_backend
    return owner.set_backend(name, dryrun=dryrun)
           ^^^^^^^^^^^^^^^^^^^^^^^^^^^^^^^^^^^^^^
  File "D:\API_Fast\env\Lib\site-packages\passlib\utils\handlers.py", line 2163, in set_backend
    return cls.set_backend(name, dryrun=dryrun)
           ^^^^^^^^^^^^^^^^^^^^^^^^^^^^^^^^^^^^
  File "D:\API_Fast\env\Lib\site-packages\passlib\utils\handlers.py", line 2188, in set_backend
    cls._set_backend(name, dryrun)
  File "D:\API_Fast\env\Lib\site-packages\passlib\utils\handlers.py", line 2311, in _set_backend
    super(SubclassBackendMixin, cls)._set_backend(name, dryrun)
  File "D:\API_Fast\env\Lib\site-packages\passlib\utils\handlers.py", line 2224, in _set_backend
    ok = loader(**kwds)
         ^^^^^^^^^^^^^^
  File "D:\API_Fast\env\Lib\site-packages\passlib\handlers\bcrypt.py", line 626, in _load_backend_mixin
    return mixin_cls._finalize_backend_mixin(name, dryrun)
           ^^^^^^^^^^^^^^^^^^^^^^^^^^^^^^^^^^^^^^^^^^^^^^^
  File "D:\API_Fast\env\Lib\site-packages\passlib\handlers\bcrypt.py", line 421, in _finalize_backend_mixin
    if detect_wrap_bug(IDENT_2A):
       ^^^^^^^^^^^^^^^^^^^^^^^^^
  File "D:\API_Fast\env\Lib\site-packages\passlib\handlers\bcrypt.py", line 380, in detect_wrap_bug
    if verify(secret, bug_hash):
       ^^^^^^^^^^^^^^^^^^^^^^^^
  File "D:\API_Fast\env\Lib\site-packages\passlib\utils\handlers.py", line 792, in verify
    return consteq(self._calc_checksum(secret), chk)
                   ^^^^^^^^^^^^^^^^^^^^^^^^^^^
  File "D:\API_Fast\env\Lib\site-packages\passlib\handlers\bcrypt.py", line 655, in _calc_checksum
    hash = _bcrypt.hashpw(secret, config)
           ^^^^^^^^^^^^^^^^^^^^^^^^^^^^^^
ValueError: password cannot be longer than 72 bytes, truncate manually if necessary (e.g. my_password[:72])
